#
# A fatal error has been detected by the Java Runtime Environment:
#
#  EXCEPTION_ACCESS_VIOLATION (0xc0000005) at pc=0x000000007110b5db, pid=13208, tid=1224
#
# JRE version: Java(TM) SE Runtime Environment (9.0+11) (build 9.0.1+11)
# Java VM: Java HotSpot(TM) 64-Bit Server VM (9.0.1+11, mixed mode, tiered, compressed oops, g1 gc, windows-amd64)
# Problematic frame:
# C  [jSSC-2.8_x86_64.dll+0xb5db]
#
# No core dump will be written. Minidumps are not enabled by default on client versions of Windows
#
# If you would like to submit a bug report, please visit:
#   http://bugreport.java.com/bugreport/crash.jsp
# The crash happened outside the Java Virtual Machine in native code.
# See problematic frame for where to report the bug.
#

---------------  S U M M A R Y ------------

Command Line: -agentlib:jdwp=transport=dt_socket,address=127.0.0.1:61580,suspend=y,server=n -javaagent:C:\Users\Alexander\.IntelliJIdea2017.3\system\captureAgent\debugger-agent.jar=C:\Users\Alexander\AppData\Local\Temp\capture1.props -Dfile.encoding=UTF-8 Main

Host: Intel(R) Core(TM) i7-7600U CPU @ 2.80GHz, 4 cores, 11G,  Windows 10 , 64 bit Build 16299 (10.0.16299.15)
Time: Thu May 03 13:02:23 2018  elapsed time: 27 seconds (0d 0h 0m 27s)

---------------  T H R E A D  ---------------

Current thread (0x0000024395ac4800):  JavaThread "main" [_thread_in_native, id=1224, stack(0x000000dc93b00000,0x000000dc93c00000)]

Stack: [0x000000dc93b00000,0x000000dc93c00000],  sp=0x000000dc93bff1e0,  free space=1020k
Native frames: (J=compiled Java code, j=interpreted, Vv=VM code, C=native code)
C  [jSSC-2.8_x86_64.dll+0xb5db]
C  [jSSC-2.8_x86_64.dll+0x12590]
C  [jSSC-2.8_x86_64.dll+0x1595]
C  0x00000243a1a21b95

Java frames: (J=compiled Java code, j=interpreted, Vv=VM code)
j  jssc.SerialNativeInterface.openPort(Ljava/lang/String;Z)J+0
j  jssc.SerialPort.openPort()Z+65
j  Main.main([Ljava/lang/String;)V+43
v  ~StubRoutines::call_stub

siginfo: EXCEPTION_ACCESS_VIOLATION (0xc0000005), reading address 0xffffffff95c01ae3


Register to memory mapping:

RIP=0x000000007110b5db jSSC-2.8_x86_64.dll
RAX=0xffffffff95c01ae3 is an unknown value
RBX=0x000000dc93bff250 is pointing into the stack for thread: 0x0000024395ac4800
RCX=0x00007ffca5f004a4 ntdll.dll
RDX=0x0000000000000000 is an unknown value
RSP=0x000000dc93bff1e0 is pointing into the stack for thread: 0x0000024395ac4800
RBP=0x000000dc93bff360 is pointing into the stack for thread: 0x0000024395ac4800
RSI=0x0000024395ac4a18 is an unknown value
RDI=0x0000000000000528 is an unknown value
R8 =0x000000dc93bff0d8 is pointing into the stack for thread: 0x0000024395ac4800
R9 =0x000000dc93bff1d0 is pointing into the stack for thread: 0x0000024395ac4800
R10=0x0000000000000000 is an unknown value
R11=0x0000000000000246 is an unknown value
R12=0x000000dc93bff420 is pointing into the stack for thread: 0x0000024395ac4800
R13=0x00000243bb9eac70 is an unknown value
R14=0x000000dc93bff310 is pointing into the stack for thread: 0x0000024395ac4800
R15=0x0000024395ac4800 is a thread


Registers:
RAX=0xffffffff95c01ae3, RBX=0x000000dc93bff250, RCX=0x00007ffca5f004a4, RDX=0x0000000000000000
RSP=0x000000dc93bff1e0, RBP=0x000000dc93bff360, RSI=0x0000024395ac4a18, RDI=0x0000000000000528
R8 =0x000000dc93bff0d8, R9 =0x000000dc93bff1d0, R10=0x0000000000000000, R11=0x0000000000000246
R12=0x000000dc93bff420, R13=0x00000243bb9eac70, R14=0x000000dc93bff310, R15=0x0000024395ac4800
RIP=0x000000007110b5db, EFLAGS=0x0000000000010202

Top of Stack: (sp=0x000000dc93bff1e0)
0x000000dc93bff1e0:   0000000000000000 00007ffca5e86876
0x000000dc93bff1f0:   000000007110b230 000000dc93bff310
0x000000dc93bff200:   000000dc93bff420 0000000000000004
0x000000dc93bff210:   0000024395ac4a18 0000000000000528
0x000000dc93bff220:   000000dc93bff360 0000000071112590
0x000000dc93bff230:   00000243bb9ea9e0 000000dc93bff420
0x000000dc93bff240:   00000000c0000000 0000000000000000
0x000000dc93bff250:   0000000000000528 00007ffca2911b25
0x000000dc93bff260:   0000024395ac4800 000000dc93bff310
0x000000dc93bff270:   000000dc93bff420 0000000000000528
0x000000dc93bff280:   0000000071113500 0000000071113be8
0x000000dc93bff290:   000000dc93bff2c0 0000000071112641
0x000000dc93bff2a0:   000000dc93bff230 0000000040000000
0x000000dc93bff2b0:   0000000000000000 0000000000000000
0x000000dc93bff2c0:   000000dc93bff360 0000000071101595
0x000000dc93bff2d0:   000000000000001c 0000024395ac4a18 

Instructions: (pc=0x000000007110b5db)
0x000000007110b5bb:   c5 0f 1f 40 00 55 57 56 53 48 83 ec 28 48 8b 05
0x000000007110b5cb:   39 33 01 00 48 89 cb 48 85 c0 0f 84 c5 00 00 00
0x000000007110b5db:   8b 38 85 ff 0f 88 ab 00 00 00 48 8b 05 1c 33 01
0x000000007110b5eb:   00 48 85 c0 0f 84 bc 00 00 00 8b 30 85 f6 74 57 



---------------  P R O C E S S  ---------------

Java Threads: ( => current thread )
  0x00000243bb99c000 JavaThread "Service Thread" daemon [_thread_blocked, id=9280, stack(0x000000dc95400000,0x000000dc95500000)]
  0x00000243bb98f800 JavaThread "JDWP Command Reader" daemon [_thread_in_native, id=7688, stack(0x000000dc95300000,0x000000dc95400000)]
  0x00000243bb985800 JavaThread "JDWP Event Helper Thread" daemon [_thread_blocked, id=3228, stack(0x000000dc95200000,0x000000dc95300000)]
  0x00000243bb984800 JavaThread "JDWP Transport Listener: dt_socket" daemon [_thread_blocked, id=9428, stack(0x000000dc95100000,0x000000dc95200000)]
  0x00000243bb7f2800 JavaThread "Common-Cleaner" daemon [_thread_blocked, id=7580, stack(0x000000dc95000000,0x000000dc95100000)]
  0x00000243bb7da800 JavaThread "Sweeper thread" daemon [_thread_blocked, id=8620, stack(0x000000dc94f00000,0x000000dc95000000)]
  0x00000243bb7da000 JavaThread "C1 CompilerThread2" daemon [_thread_blocked, id=5256, stack(0x000000dc94e00000,0x000000dc94f00000)]
  0x00000243bb617000 JavaThread "C2 CompilerThread1" daemon [_thread_blocked, id=8160, stack(0x000000dc94d00000,0x000000dc94e00000)]
  0x00000243bb615800 JavaThread "C2 CompilerThread0" daemon [_thread_blocked, id=676, stack(0x000000dc94c00000,0x000000dc94d00000)]
  0x00000243bb612800 JavaThread "Attach Listener" daemon [_thread_blocked, id=8716, stack(0x000000dc94b00000,0x000000dc94c00000)]
  0x00000243bb668000 JavaThread "Signal Dispatcher" daemon [_thread_blocked, id=1304, stack(0x000000dc94a00000,0x000000dc94b00000)]
  0x00000243bb61e800 JavaThread "Finalizer" daemon [_thread_blocked, id=6124, stack(0x000000dc94900000,0x000000dc94a00000)]
  0x00000243bb61b800 JavaThread "Reference Handler" daemon [_thread_blocked, id=2432, stack(0x000000dc94800000,0x000000dc94900000)]
=>0x0000024395ac4800 JavaThread "main" [_thread_in_native, id=1224, stack(0x000000dc93b00000,0x000000dc93c00000)]

Other Threads:
  0x00000243bb607000 VMThread "VM Thread" [stack: 0x000000dc94700000,0x000000dc94800000] [id=4084]
  0x00000243bb9d2000 WatcherThread [stack: 0x000000dc95500000,0x000000dc95600000] [id=5128]
  0x0000024395ad9000 GCTaskThread "GC Thread#0" [stack: 0x000000dc93c00000,0x000000dc93d00000] [id=2944]
  0x0000024395ada800 GCTaskThread "GC Thread#1" [stack: 0x000000dc93d00000,0x000000dc93e00000] [id=13300]
  0x0000024395ade000 GCTaskThread "GC Thread#2" [stack: 0x000000dc93e00000,0x000000dc93f00000] [id=8272]
  0x0000024395adf000 GCTaskThread "GC Thread#3" [stack: 0x000000dc93f00000,0x000000dc94000000] [id=2092]
  0x00000243b8761800 ConcurrentGCThread "G1 Main Marker" [stack: 0x000000dc94500000,0x000000dc94600000] [id=2220]
  0x00000243b8764800 ConcurrentGCThread "G1 Marker#0" [stack: 0x000000dc94600000,0x000000dc94700000] [id=4968]
  0x0000024395ae6800 ConcurrentGCThread "G1 Refine#0" [stack: 0x000000dc94300000,0x000000dc94400000] [id=10708]
  0x0000024395ae5000 ConcurrentGCThread "G1 Refine#1" [stack: 0x000000dc94200000,0x000000dc94300000] [id=11688]
  0x0000024395ae4000 ConcurrentGCThread "G1 Refine#2" [stack: 0x000000dc94100000,0x000000dc94200000] [id=3268]
  0x0000024395ae2800 ConcurrentGCThread "G1 Refine#3" [stack: 0x000000dc94000000,0x000000dc94100000] [id=6424]
  0x0000024395ae8000 ConcurrentGCThread "G1 Young RemSet Sampling" [stack: 0x000000dc94400000,0x000000dc94500000] [id=628]

Threads with active compile tasks:

VM state:not at safepoint (normal execution)

VM Mutex/Monitor currently owned by a thread: None

Heap address: 0x0000000702800000, size: 3032 MB, Compressed Oops mode: Zero based, Oop shift amount: 3
Narrow klass base: 0x0000000000000000, Narrow klass shift: 3
Compressed class space size: 1073741824 Address: 0x00000007c0000000

Heap:
 garbage-first heap   total 194560K, used 3072K [0x0000000702800000, 0x00000007029005f0, 0x00000007c0000000)
  region size 1024K, 4 young (4096K), 0 survivors (0K)
 Metaspace       used 5085K, capacity 5196K, committed 5376K, reserved 1056768K
  class space    used 451K, capacity 496K, committed 512K, reserved 1048576K
Heap Regions: E=young(eden), S=young(survivor), O=old, HS=humongous(starts), HC=humongous(continues), CS=collection set, F=free, A=archive, TS=gc time stamp, AC=allocation context, TAMS=top-at-mark-startwave (previous, next)
|   0|0x0000000702800000, 0x0000000702800000, 0x0000000702900000|  0%| F|  |TS  0|AC  0|TAMS 0x0000000702800000, 0x0000000702800000|
|   1|0x0000000702900000, 0x0000000702900000, 0x0000000702a00000|  0%| F|  |TS  0|AC  0|TAMS 0x0000000702900000, 0x0000000702900000|
|   2|0x0000000702a00000, 0x0000000702a00000, 0x0000000702b00000|  0%| F|  |TS  0|AC  0|TAMS 0x0000000702a00000, 0x0000000702a00000|
|   3|0x0000000702b00000, 0x0000000702b00000, 0x0000000702c00000|  0%| F|  |TS  0|AC  0|TAMS 0x0000000702b00000, 0x0000000702b00000|
|   4|0x0000000702c00000, 0x0000000702c00000, 0x0000000702d00000|  0%| F|  |TS  0|AC  0|TAMS 0x0000000702c00000, 0x0000000702c00000|
|   5|0x0000000702d00000, 0x0000000702d00000, 0x0000000702e00000|  0%| F|  |TS  0|AC  0|TAMS 0x0000000702d00000, 0x0000000702d00000|
|   6|0x0000000702e00000, 0x0000000702e00000, 0x0000000702f00000|  0%| F|  |TS  0|AC  0|TAMS 0x0000000702e00000, 0x0000000702e00000|
|   7|0x0000000702f00000, 0x0000000702f00000, 0x0000000703000000|  0%| F|  |TS  0|AC  0|TAMS 0x0000000702f00000, 0x0000000702f00000|
|   8|0x0000000703000000, 0x0000000703000000, 0x0000000703100000|  0%| F|  |TS  0|AC  0|TAMS 0x0000000703000000, 0x0000000703000000|
|   9|0x0000000703100000, 0x0000000703100000, 0x0000000703200000|  0%| F|  |TS  0|AC  0|TAMS 0x0000000703100000, 0x0000000703100000|
|  10|0x0000000703200000, 0x0000000703200000, 0x0000000703300000|  0%| F|  |TS  0|AC  0|TAMS 0x0000000703200000, 0x0000000703200000|
|  11|0x0000000703300000, 0x0000000703300000, 0x0000000703400000|  0%| F|  |TS  0|AC  0|TAMS 0x0000000703300000, 0x0000000703300000|
|  12|0x0000000703400000, 0x0000000703400000, 0x0000000703500000|  0%| F|  |TS  0|AC  0|TAMS 0x0000000703400000, 0x0000000703400000|
|  13|0x0000000703500000, 0x0000000703500000, 0x0000000703600000|  0%| F|  |TS  0|AC  0|TAMS 0x0000000703500000, 0x0000000703500000|
|  14|0x0000000703600000, 0x0000000703600000, 0x0000000703700000|  0%| F|  |TS  0|AC  0|TAMS 0x0000000703600000, 0x0000000703600000|
|  15|0x0000000703700000, 0x0000000703700000, 0x0000000703800000|  0%| F|  |TS  0|AC  0|TAMS 0x0000000703700000, 0x0000000703700000|
|  16|0x0000000703800000, 0x0000000703800000, 0x0000000703900000|  0%| F|  |TS  0|AC  0|TAMS 0x0000000703800000, 0x0000000703800000|
|  17|0x0000000703900000, 0x0000000703900000, 0x0000000703a00000|  0%| F|  |TS  0|AC  0|TAMS 0x0000000703900000, 0x0000000703900000|
|  18|0x0000000703a00000, 0x0000000703a00000, 0x0000000703b00000|  0%| F|  |TS  0|AC  0|TAMS 0x0000000703a00000, 0x0000000703a00000|
|  19|0x0000000703b00000, 0x0000000703b00000, 0x0000000703c00000|  0%| F|  |TS  0|AC  0|TAMS 0x0000000703b00000, 0x0000000703b00000|
|  20|0x0000000703c00000, 0x0000000703c00000, 0x0000000703d00000|  0%| F|  |TS  0|AC  0|TAMS 0x0000000703c00000, 0x0000000703c00000|
|  21|0x0000000703d00000, 0x0000000703d00000, 0x0000000703e00000|  0%| F|  |TS  0|AC  0|TAMS 0x0000000703d00000, 0x0000000703d00000|
|  22|0x0000000703e00000, 0x0000000703e00000, 0x0000000703f00000|  0%| F|  |TS  0|AC  0|TAMS 0x0000000703e00000, 0x0000000703e00000|
|  23|0x0000000703f00000, 0x0000000703f00000, 0x0000000704000000|  0%| F|  |TS  0|AC  0|TAMS 0x0000000703f00000, 0x0000000703f00000|
|  24|0x0000000704000000, 0x0000000704000000, 0x0000000704100000|  0%| F|  |TS  0|AC  0|TAMS 0x0000000704000000, 0x0000000704000000|
|  25|0x0000000704100000, 0x0000000704100000, 0x0000000704200000|  0%| F|  |TS  0|AC  0|TAMS 0x0000000704100000, 0x0000000704100000|
|  26|0x0000000704200000, 0x0000000704200000, 0x0000000704300000|  0%| F|  |TS  0|AC  0|TAMS 0x0000000704200000, 0x0000000704200000|
|  27|0x0000000704300000, 0x0000000704300000, 0x0000000704400000|  0%| F|  |TS  0|AC  0|TAMS 0x0000000704300000, 0x0000000704300000|
|  28|0x0000000704400000, 0x0000000704400000, 0x0000000704500000|  0%| F|  |TS  0|AC  0|TAMS 0x0000000704400000, 0x0000000704400000|
|  29|0x0000000704500000, 0x0000000704500000, 0x0000000704600000|  0%| F|  |TS  0|AC  0|TAMS 0x0000000704500000, 0x0000000704500000|
|  30|0x0000000704600000, 0x0000000704600000, 0x0000000704700000|  0%| F|  |TS  0|AC  0|TAMS 0x0000000704600000, 0x0000000704600000|
|  31|0x0000000704700000, 0x0000000704700000, 0x0000000704800000|  0%| F|  |TS  0|AC  0|TAMS 0x0000000704700000, 0x0000000704700000|
|  32|0x0000000704800000, 0x0000000704800000, 0x0000000704900000|  0%| F|  |TS  0|AC  0|TAMS 0x0000000704800000, 0x0000000704800000|
|  33|0x0000000704900000, 0x0000000704900000, 0x0000000704a00000|  0%| F|  |TS  0|AC  0|TAMS 0x0000000704900000, 0x0000000704900000|
|  34|0x0000000704a00000, 0x0000000704a00000, 0x0000000704b00000|  0%| F|  |TS  0|AC  0|TAMS 0x0000000704a00000, 0x0000000704a00000|
|  35|0x0000000704b00000, 0x0000000704b00000, 0x0000000704c00000|  0%| F|  |TS  0|AC  0|TAMS 0x0000000704b00000, 0x0000000704b00000|
|  36|0x0000000704c00000, 0x0000000704c00000, 0x0000000704d00000|  0%| F|  |TS  0|AC  0|TAMS 0x0000000704c00000, 0x0000000704c00000|
|  37|0x0000000704d00000, 0x0000000704d00000, 0x0000000704e00000|  0%| F|  |TS  0|AC  0|TAMS 0x0000000704d00000, 0x0000000704d00000|
|  38|0x0000000704e00000, 0x0000000704e00000, 0x0000000704f00000|  0%| F|  |TS  0|AC  0|TAMS 0x0000000704e00000, 0x0000000704e00000|
|  39|0x0000000704f00000, 0x0000000704f00000, 0x0000000705000000|  0%| F|  |TS  0|AC  0|TAMS 0x0000000704f00000, 0x0000000704f00000|
|  40|0x0000000705000000, 0x0000000705000000, 0x0000000705100000|  0%| F|  |TS  0|AC  0|TAMS 0x0000000705000000, 0x0000000705000000|
|  41|0x0000000705100000, 0x0000000705100000, 0x0000000705200000|  0%| F|  |TS  0|AC  0|TAMS 0x0000000705100000, 0x0000000705100000|
|  42|0x0000000705200000, 0x0000000705200000, 0x0000000705300000|  0%| F|  |TS  0|AC  0|TAMS 0x0000000705200000, 0x0000000705200000|
|  43|0x0000000705300000, 0x0000000705300000, 0x0000000705400000|  0%| F|  |TS  0|AC  0|TAMS 0x0000000705300000, 0x0000000705300000|
|  44|0x0000000705400000, 0x0000000705400000, 0x0000000705500000|  0%| F|  |TS  0|AC  0|TAMS 0x0000000705400000, 0x0000000705400000|
|  45|0x0000000705500000, 0x0000000705500000, 0x0000000705600000|  0%| F|  |TS  0|AC  0|TAMS 0x0000000705500000, 0x0000000705500000|
|  46|0x0000000705600000, 0x0000000705600000, 0x0000000705700000|  0%| F|  |TS  0|AC  0|TAMS 0x0000000705600000, 0x0000000705600000|
|  47|0x0000000705700000, 0x0000000705700000, 0x0000000705800000|  0%| F|  |TS  0|AC  0|TAMS 0x0000000705700000, 0x0000000705700000|
|  48|0x0000000705800000, 0x0000000705800000, 0x0000000705900000|  0%| F|  |TS  0|AC  0|TAMS 0x0000000705800000, 0x0000000705800000|
|  49|0x0000000705900000, 0x0000000705900000, 0x0000000705a00000|  0%| F|  |TS  0|AC  0|TAMS 0x0000000705900000, 0x0000000705900000|
|  50|0x0000000705a00000, 0x0000000705a00000, 0x0000000705b00000|  0%| F|  |TS  0|AC  0|TAMS 0x0000000705a00000, 0x0000000705a00000|
|  51|0x0000000705b00000, 0x0000000705b00000, 0x0000000705c00000|  0%| F|  |TS  0|AC  0|TAMS 0x0000000705b00000, 0x0000000705b00000|
|  52|0x0000000705c00000, 0x0000000705c00000, 0x0000000705d00000|  0%| F|  |TS  0|AC  0|TAMS 0x0000000705c00000, 0x0000000705c00000|
|  53|0x0000000705d00000, 0x0000000705d00000, 0x0000000705e00000|  0%| F|  |TS  0|AC  0|TAMS 0x0000000705d00000, 0x0000000705d00000|
|  54|0x0000000705e00000, 0x0000000705e00000, 0x0000000705f00000|  0%| F|  |TS  0|AC  0|TAMS 0x0000000705e00000, 0x0000000705e00000|
|  55|0x0000000705f00000, 0x0000000705f00000, 0x0000000706000000|  0%| F|  |TS  0|AC  0|TAMS 0x0000000705f00000, 0x0000000705f00000|
|  56|0x0000000706000000, 0x0000000706000000, 0x0000000706100000|  0%| F|  |TS  0|AC  0|TAMS 0x0000000706000000, 0x0000000706000000|
|  57|0x0000000706100000, 0x0000000706100000, 0x0000000706200000|  0%| F|  |TS  0|AC  0|TAMS 0x0000000706100000, 0x0000000706100000|
|  58|0x0000000706200000, 0x0000000706200000, 0x0000000706300000|  0%| F|  |TS  0|AC  0|TAMS 0x0000000706200000, 0x0000000706200000|
|  59|0x0000000706300000, 0x0000000706300000, 0x0000000706400000|  0%| F|  |TS  0|AC  0|TAMS 0x0000000706300000, 0x0000000706300000|
|  60|0x0000000706400000, 0x0000000706400000, 0x0000000706500000|  0%| F|  |TS  0|AC  0|TAMS 0x0000000706400000, 0x0000000706400000|
|  61|0x0000000706500000, 0x0000000706500000, 0x0000000706600000|  0%| F|  |TS  0|AC  0|TAMS 0x0000000706500000, 0x0000000706500000|
|  62|0x0000000706600000, 0x0000000706600000, 0x0000000706700000|  0%| F|  |TS  0|AC  0|TAMS 0x0000000706600000, 0x0000000706600000|
|  63|0x0000000706700000, 0x0000000706700000, 0x0000000706800000|  0%| F|  |TS  0|AC  0|TAMS 0x0000000706700000, 0x0000000706700000|
|  64|0x0000000706800000, 0x0000000706800000, 0x0000000706900000|  0%| F|  |TS  0|AC  0|TAMS 0x0000000706800000, 0x0000000706800000|
|  65|0x0000000706900000, 0x0000000706900000, 0x0000000706a00000|  0%| F|  |TS  0|AC  0|TAMS 0x0000000706900000, 0x0000000706900000|
|  66|0x0000000706a00000, 0x0000000706a00000, 0x0000000706b00000|  0%| F|  |TS  0|AC  0|TAMS 0x0000000706a00000, 0x0000000706a00000|
|  67|0x0000000706b00000, 0x0000000706b00000, 0x0000000706c00000|  0%| F|  |TS  0|AC  0|TAMS 0x0000000706b00000, 0x0000000706b00000|
|  68|0x0000000706c00000, 0x0000000706c00000, 0x0000000706d00000|  0%| F|  |TS  0|AC  0|TAMS 0x0000000706c00000, 0x0000000706c00000|
|  69|0x0000000706d00000, 0x0000000706d00000, 0x0000000706e00000|  0%| F|  |TS  0|AC  0|TAMS 0x0000000706d00000, 0x0000000706d00000|
|  70|0x0000000706e00000, 0x0000000706e00000, 0x0000000706f00000|  0%| F|  |TS  0|AC  0|TAMS 0x0000000706e00000, 0x0000000706e00000|
|  71|0x0000000706f00000, 0x0000000706f00000, 0x0000000707000000|  0%| F|  |TS  0|AC  0|TAMS 0x0000000706f00000, 0x0000000706f00000|
|  72|0x0000000707000000, 0x0000000707000000, 0x0000000707100000|  0%| F|  |TS  0|AC  0|TAMS 0x0000000707000000, 0x0000000707000000|
|  73|0x0000000707100000, 0x0000000707100000, 0x0000000707200000|  0%| F|  |TS  0|AC  0|TAMS 0x0000000707100000, 0x0000000707100000|
|  74|0x0000000707200000, 0x0000000707200000, 0x0000000707300000|  0%| F|  |TS  0|AC  0|TAMS 0x0000000707200000, 0x0000000707200000|
|  75|0x0000000707300000, 0x0000000707300000, 0x0000000707400000|  0%| F|  |TS  0|AC  0|TAMS 0x0000000707300000, 0x0000000707300000|
|  76|0x0000000707400000, 0x0000000707400000, 0x0000000707500000|  0%| F|  |TS  0|AC  0|TAMS 0x0000000707400000, 0x0000000707400000|
|  77|0x0000000707500000, 0x0000000707500000, 0x0000000707600000|  0%| F|  |TS  0|AC  0|TAMS 0x0000000707500000, 0x0000000707500000|
|  78|0x0000000707600000, 0x0000000707600000, 0x0000000707700000|  0%| F|  |TS  0|AC  0|TAMS 0x0000000707600000, 0x0000000707600000|
|  79|0x0000000707700000, 0x0000000707700000, 0x0000000707800000|  0%| F|  |TS  0|AC  0|TAMS 0x0000000707700000, 0x0000000707700000|
|  80|0x0000000707800000, 0x0000000707800000, 0x0000000707900000|  0%| F|  |TS  0|AC  0|TAMS 0x0000000707800000, 0x0000000707800000|
|  81|0x0000000707900000, 0x0000000707900000, 0x0000000707a00000|  0%| F|  |TS  0|AC  0|TAMS 0x0000000707900000, 0x0000000707900000|
|  82|0x0000000707a00000, 0x0000000707a00000, 0x0000000707b00000|  0%| F|  |TS  0|AC  0|TAMS 0x0000000707a00000, 0x0000000707a00000|
|  83|0x0000000707b00000, 0x0000000707b00000, 0x0000000707c00000|  0%| F|  |TS  0|AC  0|TAMS 0x0000000707b00000, 0x0000000707b00000|
|  84|0x0000000707c00000, 0x0000000707c00000, 0x0000000707d00000|  0%| F|  |TS  0|AC  0|TAMS 0x0000000707c00000, 0x0000000707c00000|
|  85|0x0000000707d00000, 0x0000000707d00000, 0x0000000707e00000|  0%| F|  |TS  0|AC  0|TAMS 0x0000000707d00000, 0x0000000707d00000|
|  86|0x0000000707e00000, 0x0000000707e00000, 0x0000000707f00000|  0%| F|  |TS  0|AC  0|TAMS 0x0000000707e00000, 0x0000000707e00000|
|  87|0x0000000707f00000, 0x0000000707f00000, 0x0000000708000000|  0%| F|  |TS  0|AC  0|TAMS 0x0000000707f00000, 0x0000000707f00000|
|  88|0x0000000708000000, 0x0000000708000000, 0x0000000708100000|  0%| F|  |TS  0|AC  0|TAMS 0x0000000708000000, 0x0000000708000000|
|  89|0x0000000708100000, 0x0000000708100000, 0x0000000708200000|  0%| F|  |TS  0|AC  0|TAMS 0x0000000708100000, 0x0000000708100000|
|  90|0x0000000708200000, 0x0000000708200000, 0x0000000708300000|  0%| F|  |TS  0|AC  0|TAMS 0x0000000708200000, 0x0000000708200000|
|  91|0x0000000708300000, 0x0000000708300000, 0x0000000708400000|  0%| F|  |TS  0|AC  0|TAMS 0x0000000708300000, 0x0000000708300000|
|  92|0x0000000708400000, 0x0000000708400000, 0x0000000708500000|  0%| F|  |TS  0|AC  0|TAMS 0x0000000708400000, 0x0000000708400000|
|  93|0x0000000708500000, 0x0000000708500000, 0x0000000708600000|  0%| F|  |TS  0|AC  0|TAMS 0x0000000708500000, 0x0000000708500000|
|  94|0x0000000708600000, 0x0000000708600000, 0x0000000708700000|  0%| F|  |TS  0|AC  0|TAMS 0x0000000708600000, 0x0000000708600000|
|  95|0x0000000708700000, 0x0000000708700000, 0x0000000708800000|  0%| F|  |TS  0|AC  0|TAMS 0x0000000708700000, 0x0000000708700000|
|  96|0x0000000708800000, 0x0000000708800000, 0x0000000708900000|  0%| F|  |TS  0|AC  0|TAMS 0x0000000708800000, 0x0000000708800000|
|  97|0x0000000708900000, 0x0000000708900000, 0x0000000708a00000|  0%| F|  |TS  0|AC  0|TAMS 0x0000000708900000, 0x0000000708900000|
|  98|0x0000000708a00000, 0x0000000708a00000, 0x0000000708b00000|  0%| F|  |TS  0|AC  0|TAMS 0x0000000708a00000, 0x0000000708a00000|
|  99|0x0000000708b00000, 0x0000000708b00000, 0x0000000708c00000|  0%| F|  |TS  0|AC  0|TAMS 0x0000000708b00000, 0x0000000708b00000|
| 100|0x0000000708c00000, 0x0000000708c00000, 0x0000000708d00000|  0%| F|  |TS  0|AC  0|TAMS 0x0000000708c00000, 0x0000000708c00000|
| 101|0x0000000708d00000, 0x0000000708d00000, 0x0000000708e00000|  0%| F|  |TS  0|AC  0|TAMS 0x0000000708d00000, 0x0000000708d00000|
| 102|0x0000000708e00000, 0x0000000708e00000, 0x0000000708f00000|  0%| F|  |TS  0|AC  0|TAMS 0x0000000708e00000, 0x0000000708e00000|
| 103|0x0000000708f00000, 0x0000000708f00000, 0x0000000709000000|  0%| F|  |TS  0|AC  0|TAMS 0x0000000708f00000, 0x0000000708f00000|
| 104|0x0000000709000000, 0x0000000709000000, 0x0000000709100000|  0%| F|  |TS  0|AC  0|TAMS 0x0000000709000000, 0x0000000709000000|
| 105|0x0000000709100000, 0x0000000709100000, 0x0000000709200000|  0%| F|  |TS  0|AC  0|TAMS 0x0000000709100000, 0x0000000709100000|
| 106|0x0000000709200000, 0x0000000709200000, 0x0000000709300000|  0%| F|  |TS  0|AC  0|TAMS 0x0000000709200000, 0x0000000709200000|
| 107|0x0000000709300000, 0x0000000709300000, 0x0000000709400000|  0%| F|  |TS  0|AC  0|TAMS 0x0000000709300000, 0x0000000709300000|
| 108|0x0000000709400000, 0x0000000709400000, 0x0000000709500000|  0%| F|  |TS  0|AC  0|TAMS 0x0000000709400000, 0x0000000709400000|
| 109|0x0000000709500000, 0x0000000709500000, 0x0000000709600000|  0%| F|  |TS  0|AC  0|TAMS 0x0000000709500000, 0x0000000709500000|
| 110|0x0000000709600000, 0x0000000709600000, 0x0000000709700000|  0%| F|  |TS  0|AC  0|TAMS 0x0000000709600000, 0x0000000709600000|
| 111|0x0000000709700000, 0x0000000709700000, 0x0000000709800000|  0%| F|  |TS  0|AC  0|TAMS 0x0000000709700000, 0x0000000709700000|
| 112|0x0000000709800000, 0x0000000709800000, 0x0000000709900000|  0%| F|  |TS  0|AC  0|TAMS 0x0000000709800000, 0x0000000709800000|
| 113|0x0000000709900000, 0x0000000709900000, 0x0000000709a00000|  0%| F|  |TS  0|AC  0|TAMS 0x0000000709900000, 0x0000000709900000|
| 114|0x0000000709a00000, 0x0000000709a00000, 0x0000000709b00000|  0%| F|  |TS  0|AC  0|TAMS 0x0000000709a00000, 0x0000000709a00000|
| 115|0x0000000709b00000, 0x0000000709b00000, 0x0000000709c00000|  0%| F|  |TS  0|AC  0|TAMS 0x0000000709b00000, 0x0000000709b00000|
| 116|0x0000000709c00000, 0x0000000709c00000, 0x0000000709d00000|  0%| F|  |TS  0|AC  0|TAMS 0x0000000709c00000, 0x0000000709c00000|
| 117|0x0000000709d00000, 0x0000000709d00000, 0x0000000709e00000|  0%| F|  |TS  0|AC  0|TAMS 0x0000000709d00000, 0x0000000709d00000|
| 118|0x0000000709e00000, 0x0000000709e00000, 0x0000000709f00000|  0%| F|  |TS  0|AC  0|TAMS 0x0000000709e00000, 0x0000000709e00000|
| 119|0x0000000709f00000, 0x0000000709f00000, 0x000000070a000000|  0%| F|  |TS  0|AC  0|TAMS 0x0000000709f00000, 0x0000000709f00000|
| 120|0x000000070a000000, 0x000000070a000000, 0x000000070a100000|  0%| F|  |TS  0|AC  0|TAMS 0x000000070a000000, 0x000000070a000000|
| 121|0x000000070a100000, 0x000000070a100000, 0x000000070a200000|  0%| F|  |TS  0|AC  0|TAMS 0x000000070a100000, 0x000000070a100000|
| 122|0x000000070a200000, 0x000000070a200000, 0x000000070a300000|  0%| F|  |TS  0|AC  0|TAMS 0x000000070a200000, 0x000000070a200000|
| 123|0x000000070a300000, 0x000000070a300000, 0x000000070a400000|  0%| F|  |TS  0|AC  0|TAMS 0x000000070a300000, 0x000000070a300000|
| 124|0x000000070a400000, 0x000000070a400000, 0x000000070a500000|  0%| F|  |TS  0|AC  0|TAMS 0x000000070a400000, 0x000000070a400000|
| 125|0x000000070a500000, 0x000000070a500000, 0x000000070a600000|  0%| F|  |TS  0|AC  0|TAMS 0x000000070a500000, 0x000000070a500000|
| 126|0x000000070a600000, 0x000000070a600000, 0x000000070a700000|  0%| F|  |TS  0|AC  0|TAMS 0x000000070a600000, 0x000000070a600000|
| 127|0x000000070a700000, 0x000000070a700000, 0x000000070a800000|  0%| F|  |TS  0|AC  0|TAMS 0x000000070a700000, 0x000000070a700000|
| 128|0x000000070a800000, 0x000000070a800000, 0x000000070a900000|  0%| F|  |TS  0|AC  0|TAMS 0x000000070a800000, 0x000000070a800000|
| 129|0x000000070a900000, 0x000000070a900000, 0x000000070aa00000|  0%| F|  |TS  0|AC  0|TAMS 0x000000070a900000, 0x000000070a900000|
| 130|0x000000070aa00000, 0x000000070aa00000, 0x000000070ab00000|  0%| F|  |TS  0|AC  0|TAMS 0x000000070aa00000, 0x000000070aa00000|
| 131|0x000000070ab00000, 0x000000070ab00000, 0x000000070ac00000|  0%| F|  |TS  0|AC  0|TAMS 0x000000070ab00000, 0x000000070ab00000|
| 132|0x000000070ac00000, 0x000000070ac00000, 0x000000070ad00000|  0%| F|  |TS  0|AC  0|TAMS 0x000000070ac00000, 0x000000070ac00000|
| 133|0x000000070ad00000, 0x000000070ad00000, 0x000000070ae00000|  0%| F|  |TS  0|AC  0|TAMS 0x000000070ad00000, 0x000000070ad00000|
| 134|0x000000070ae00000, 0x000000070ae00000, 0x000000070af00000|  0%| F|  |TS  0|AC  0|TAMS 0x000000070ae00000, 0x000000070ae00000|
| 135|0x000000070af00000, 0x000000070af00000, 0x000000070b000000|  0%| F|  |TS  0|AC  0|TAMS 0x000000070af00000, 0x000000070af00000|
| 136|0x000000070b000000, 0x000000070b000000, 0x000000070b100000|  0%| F|  |TS  0|AC  0|TAMS 0x000000070b000000, 0x000000070b000000|
| 137|0x000000070b100000, 0x000000070b100000, 0x000000070b200000|  0%| F|  |TS  0|AC  0|TAMS 0x000000070b100000, 0x000000070b100000|
| 138|0x000000070b200000, 0x000000070b200000, 0x000000070b300000|  0%| F|  |TS  0|AC  0|TAMS 0x000000070b200000, 0x000000070b200000|
| 139|0x000000070b300000, 0x000000070b300000, 0x000000070b400000|  0%| F|  |TS  0|AC  0|TAMS 0x000000070b300000, 0x000000070b300000|
| 140|0x000000070b400000, 0x000000070b400000, 0x000000070b500000|  0%| F|  |TS  0|AC  0|TAMS 0x000000070b400000, 0x000000070b400000|
| 141|0x000000070b500000, 0x000000070b500000, 0x000000070b600000|  0%| F|  |TS  0|AC  0|TAMS 0x000000070b500000, 0x000000070b500000|
| 142|0x000000070b600000, 0x000000070b600000, 0x000000070b700000|  0%| F|  |TS  0|AC  0|TAMS 0x000000070b600000, 0x000000070b600000|
| 143|0x000000070b700000, 0x000000070b700000, 0x000000070b800000|  0%| F|  |TS  0|AC  0|TAMS 0x000000070b700000, 0x000000070b700000|
| 144|0x000000070b800000, 0x000000070b800000, 0x000000070b900000|  0%| F|  |TS  0|AC  0|TAMS 0x000000070b800000, 0x000000070b800000|
| 145|0x000000070b900000, 0x000000070b900000, 0x000000070ba00000|  0%| F|  |TS  0|AC  0|TAMS 0x000000070b900000, 0x000000070b900000|
| 146|0x000000070ba00000, 0x000000070ba00000, 0x000000070bb00000|  0%| F|  |TS  0|AC  0|TAMS 0x000000070ba00000, 0x000000070ba00000|
| 147|0x000000070bb00000, 0x000000070bb00000, 0x000000070bc00000|  0%| F|  |TS  0|AC  0|TAMS 0x000000070bb00000, 0x000000070bb00000|
| 148|0x000000070bc00000, 0x000000070bc00000, 0x000000070bd00000|  0%| F|  |TS  0|AC  0|TAMS 0x000000070bc00000, 0x000000070bc00000|
| 149|0x000000070bd00000, 0x000000070bd00000, 0x000000070be00000|  0%| F|  |TS  0|AC  0|TAMS 0x000000070bd00000, 0x000000070bd00000|
| 150|0x000000070be00000, 0x000000070be00000, 0x000000070bf00000|  0%| F|  |TS  0|AC  0|TAMS 0x000000070be00000, 0x000000070be00000|
| 151|0x000000070bf00000, 0x000000070bf00000, 0x000000070c000000|  0%| F|  |TS  0|AC  0|TAMS 0x000000070bf00000, 0x000000070bf00000|
| 152|0x000000070c000000, 0x000000070c000000, 0x000000070c100000|  0%| F|  |TS  0|AC  0|TAMS 0x000000070c000000, 0x000000070c000000|
| 153|0x000000070c100000, 0x000000070c100000, 0x000000070c200000|  0%| F|  |TS  0|AC  0|TAMS 0x000000070c100000, 0x000000070c100000|
| 154|0x000000070c200000, 0x000000070c200000, 0x000000070c300000|  0%| F|  |TS  0|AC  0|TAMS 0x000000070c200000, 0x000000070c200000|
| 155|0x000000070c300000, 0x000000070c300000, 0x000000070c400000|  0%| F|  |TS  0|AC  0|TAMS 0x000000070c300000, 0x000000070c300000|
| 156|0x000000070c400000, 0x000000070c400000, 0x000000070c500000|  0%| F|  |TS  0|AC  0|TAMS 0x000000070c400000, 0x000000070c400000|
| 157|0x000000070c500000, 0x000000070c500000, 0x000000070c600000|  0%| F|  |TS  0|AC  0|TAMS 0x000000070c500000, 0x000000070c500000|
| 158|0x000000070c600000, 0x000000070c600000, 0x000000070c700000|  0%| F|  |TS  0|AC  0|TAMS 0x000000070c600000, 0x000000070c600000|
| 159|0x000000070c700000, 0x000000070c700000, 0x000000070c800000|  0%| F|  |TS  0|AC  0|TAMS 0x000000070c700000, 0x000000070c700000|
| 160|0x000000070c800000, 0x000000070c800000, 0x000000070c900000|  0%| F|  |TS  0|AC  0|TAMS 0x000000070c800000, 0x000000070c800000|
| 161|0x000000070c900000, 0x000000070c900000, 0x000000070ca00000|  0%| F|  |TS  0|AC  0|TAMS 0x000000070c900000, 0x000000070c900000|
| 162|0x000000070ca00000, 0x000000070ca00000, 0x000000070cb00000|  0%| F|  |TS  0|AC  0|TAMS 0x000000070ca00000, 0x000000070ca00000|
| 163|0x000000070cb00000, 0x000000070cb00000, 0x000000070cc00000|  0%| F|  |TS  0|AC  0|TAMS 0x000000070cb00000, 0x000000070cb00000|
| 164|0x000000070cc00000, 0x000000070cc00000, 0x000000070cd00000|  0%| F|  |TS  0|AC  0|TAMS 0x000000070cc00000, 0x000000070cc00000|
| 165|0x000000070cd00000, 0x000000070cd00000, 0x000000070ce00000|  0%| F|  |TS  0|AC  0|TAMS 0x000000070cd00000, 0x000000070cd00000|
| 166|0x000000070ce00000, 0x000000070ce00000, 0x000000070cf00000|  0%| F|  |TS  0|AC  0|TAMS 0x000000070ce00000, 0x000000070ce00000|
| 167|0x000000070cf00000, 0x000000070cf00000, 0x000000070d000000|  0%| F|  |TS  0|AC  0|TAMS 0x000000070cf00000, 0x000000070cf00000|
| 168|0x000000070d000000, 0x000000070d000000, 0x000000070d100000|  0%| F|  |TS  0|AC  0|TAMS 0x000000070d000000, 0x000000070d000000|
| 169|0x000000070d100000, 0x000000070d100000, 0x000000070d200000|  0%| F|  |TS  0|AC  0|TAMS 0x000000070d100000, 0x000000070d100000|
| 170|0x000000070d200000, 0x000000070d200000, 0x000000070d300000|  0%| F|  |TS  0|AC  0|TAMS 0x000000070d200000, 0x000000070d200000|
| 171|0x000000070d300000, 0x000000070d300000, 0x000000070d400000|  0%| F|  |TS  0|AC  0|TAMS 0x000000070d300000, 0x000000070d300000|
| 172|0x000000070d400000, 0x000000070d400000, 0x000000070d500000|  0%| F|  |TS  0|AC  0|TAMS 0x000000070d400000, 0x000000070d400000|
| 173|0x000000070d500000, 0x000000070d500000, 0x000000070d600000|  0%| F|  |TS  0|AC  0|TAMS 0x000000070d500000, 0x000000070d500000|
| 174|0x000000070d600000, 0x000000070d600000, 0x000000070d700000|  0%| F|  |TS  0|AC  0|TAMS 0x000000070d600000, 0x000000070d600000|
| 175|0x000000070d700000, 0x000000070d700000, 0x000000070d800000|  0%| F|  |TS  0|AC  0|TAMS 0x000000070d700000, 0x000000070d700000|
| 176|0x000000070d800000, 0x000000070d800000, 0x000000070d900000|  0%| F|  |TS  0|AC  0|TAMS 0x000000070d800000, 0x000000070d800000|
| 177|0x000000070d900000, 0x000000070d900000, 0x000000070da00000|  0%| F|  |TS  0|AC  0|TAMS 0x000000070d900000, 0x000000070d900000|
| 178|0x000000070da00000, 0x000000070da00000, 0x000000070db00000|  0%| F|  |TS  0|AC  0|TAMS 0x000000070da00000, 0x000000070da00000|
| 179|0x000000070db00000, 0x000000070db00000, 0x000000070dc00000|  0%| F|  |TS  0|AC  0|TAMS 0x000000070db00000, 0x000000070db00000|
| 180|0x000000070dc00000, 0x000000070dc00000, 0x000000070dd00000|  0%| F|  |TS  0|AC  0|TAMS 0x000000070dc00000, 0x000000070dc00000|
| 181|0x000000070dd00000, 0x000000070dd00000, 0x000000070de00000|  0%| F|  |TS  0|AC  0|TAMS 0x000000070dd00000, 0x000000070dd00000|
| 182|0x000000070de00000, 0x000000070de00000, 0x000000070df00000|  0%| F|  |TS  0|AC  0|TAMS 0x000000070de00000, 0x000000070de00000|
| 183|0x000000070df00000, 0x000000070df00000, 0x000000070e000000|  0%| F|  |TS  0|AC  0|TAMS 0x000000070df00000, 0x000000070df00000|
| 184|0x000000070e000000, 0x000000070e000000, 0x000000070e100000|  0%| F|  |TS  0|AC  0|TAMS 0x000000070e000000, 0x000000070e000000|
| 185|0x000000070e100000, 0x000000070e100000, 0x000000070e200000|  0%| F|  |TS  0|AC  0|TAMS 0x000000070e100000, 0x000000070e100000|
| 186|0x000000070e200000, 0x000000070e24e740, 0x000000070e300000| 30%| E|  |TS  0|AC  0|TAMS 0x000000070e200000, 0x000000070e200000|
| 187|0x000000070e300000, 0x000000070e400000, 0x000000070e400000|100%| E|CS|TS  0|AC  0|TAMS 0x000000070e300000, 0x000000070e300000|
| 188|0x000000070e400000, 0x000000070e500000, 0x000000070e500000|100%| E|CS|TS  0|AC  0|TAMS 0x000000070e400000, 0x000000070e400000|
| 189|0x000000070e500000, 0x000000070e600000, 0x000000070e600000|100%| E|CS|TS  0|AC  0|TAMS 0x000000070e500000, 0x000000070e500000|

Card table byte_map: [0x00000243b1c00000,0x00000243b21f0000] byte_map_base: 0x00000243ae3ec000

Marking Bits (Prev, Next): (CMBitMap*) 0x00000243b8760d50, (CMBitMap*) 0x00000243b8760d88
 Prev Bits: [0x00000243b27e0000, 0x00000243b5740000)
 Next Bits: [0x00000243b5740000, 0x00000243b86a0000)

Polling page: 0x00000243938c0000

CodeHeap 'non-profiled nmethods': size=120064Kb used=60Kb max_used=60Kb free=120003Kb
 bounds [0x00000243a94c0000, 0x00000243a9730000, 0x00000243b0a00000]
CodeHeap 'profiled nmethods': size=120000Kb used=280Kb max_used=280Kb free=119719Kb
 bounds [0x00000243a1f90000, 0x00000243a2200000, 0x00000243a94c0000]
CodeHeap 'non-nmethods': size=5696Kb used=1166Kb max_used=1176Kb free=4529Kb
 bounds [0x00000243a1a00000, 0x00000243a1c70000, 0x00000243a1f90000]
 total_blobs=575 nmethods=214 adapters=208
 compilation: enabled

Compilation events (10 events):
Event: 0.609 Thread 0x00000243bb7da000 nmethod 210 0x00000243a1fd4990 code [0x00000243a1fd4b60, 0x00000243a1fd4e80]
Event: 0.609 Thread 0x00000243bb7da000  211       3       java.lang.String::startsWith (7 bytes)
Event: 0.609 Thread 0x00000243bb7da000 nmethod 211 0x00000243a1fd4f90 code [0x00000243a1fd5140, 0x00000243a1fd5370]
Event: 0.609 Thread 0x00000243bb617000 nmethod 209 0x00000243a94ceb90 code [0x00000243a94ced20, 0x00000243a94cedb8]
Event: 0.611 Thread 0x00000243bb7da000  212       3       java.lang.String::lastIndexOf (12 bytes)
Event: 0.611 Thread 0x00000243bb7da000 nmethod 212 0x00000243a1fd5410 code [0x00000243a1fd5600, 0x00000243a1fd5be0]
Event: 0.611 Thread 0x00000243bb7da000  213       3       java.lang.AbstractStringBuilder::newCapacity (55 bytes)
Event: 0.612 Thread 0x00000243bb7da000 nmethod 213 0x00000243a1fd5d90 code [0x00000243a1fd5f60, 0x00000243a1fd6210]
Event: 0.612 Thread 0x00000243bb7da000  214       1       java.net.URL::getFile (5 bytes)
Event: 0.612 Thread 0x00000243bb7da000 nmethod 214 0x00000243a94cee90 code [0x00000243a94cf040, 0x00000243a94cf158]

GC Heap History (0 events):
No events

Deoptimization events (1 events):
Event: 0.607 Thread 0x0000024395ac4800 Uncommon trap: reason=unstable_if action=reinterpret pc=0x00000243a94cbe80 method=java.lang.String.charAt(I)C @ 4 c2

Classes redefined (0 events):
No events

Internal exceptions (0 events):
No events

Events (10 events):
Event: 27.358 Executing VM operation: GetFrameLocation
Event: 27.358 Executing VM operation: GetFrameLocation done
Event: 27.358 Executing VM operation: EnterInterpOnlyMode
Event: 27.358 Executing VM operation: EnterInterpOnlyMode done
Event: 27.358 Executing VM operation: GetCurrentLocation
Event: 27.358 Executing VM operation: GetCurrentLocation done
Event: 27.358 Executing VM operation: ChangeSingleStep
Event: 27.358 Executing VM operation: ChangeSingleStep done
Event: 27.358 Executing VM operation: ChangeSingleStep
Event: 27.358 Executing VM operation: ChangeSingleStep done


Dynamic libraries:
0x00007ff6f4b30000 - 0x00007ff6f4b6e000 	C:\Program Files\Java\jdk-9.0.1\bin\java.exe
0x00007ffca5e60000 - 0x00007ffca6040000 	C:\WINDOWS\SYSTEM32\ntdll.dll
0x00007ffca3640000 - 0x00007ffca36ee000 	C:\WINDOWS\System32\KERNEL32.DLL
0x00007ffca28d0000 - 0x00007ffca2b36000 	C:\WINDOWS\System32\KERNELBASE.dll
0x00007ffca5030000 - 0x00007ffca50d1000 	C:\WINDOWS\System32\ADVAPI32.dll
0x00007ffca4c80000 - 0x00007ffca4d1d000 	C:\WINDOWS\System32\msvcrt.dll
0x00007ffca5dd0000 - 0x00007ffca5e2b000 	C:\WINDOWS\System32\sechost.dll
0x00007ffca50e0000 - 0x00007ffca51ff000 	C:\WINDOWS\System32\RPCRT4.dll
0x00007ffca33e0000 - 0x00007ffca356f000 	C:\WINDOWS\System32\USER32.dll
0x00007ffca3310000 - 0x00007ffca3330000 	C:\WINDOWS\System32\win32u.dll
0x00007ffca33b0000 - 0x00007ffca33d8000 	C:\WINDOWS\System32\GDI32.dll
0x00007ffca2430000 - 0x00007ffca25c3000 	C:\WINDOWS\System32\gdi32full.dll
0x00007ffca25d0000 - 0x00007ffca266b000 	C:\WINDOWS\System32\msvcp_win.dll
0x00007ffca2780000 - 0x00007ffca2876000 	C:\WINDOWS\System32\ucrtbase.dll
0x00007ffc94ee0000 - 0x00007ffc95149000 	C:\WINDOWS\WinSxS\amd64_microsoft.windows.common-controls_6595b64144ccf1df_6.0.16299.371_none_15c7d1789365a290\COMCTL32.dll
0x00007ffca4d20000 - 0x00007ffca5028000 	C:\WINDOWS\System32\combase.dll
0x00007ffca2b40000 - 0x00007ffca2bb2000 	C:\WINDOWS\System32\bcryptPrimitives.dll
0x00007ffc95190000 - 0x00007ffc9519a000 	C:\WINDOWS\SYSTEM32\VERSION.dll
0x00007ffca5a10000 - 0x00007ffca5a3d000 	C:\WINDOWS\System32\IMM32.DLL
0x00007ffc72a10000 - 0x00007ffc72aff000 	C:\Program Files\Java\jdk-9.0.1\bin\msvcr120.dll
0x00007ffc76780000 - 0x00007ffc76826000 	C:\Program Files\Java\jdk-9.0.1\bin\msvcp120.dll
0x0000000050610000 - 0x0000000051034000 	C:\Program Files\Java\jdk-9.0.1\bin\server\jvm.dll
0x00007ffca5c50000 - 0x00007ffca5c58000 	C:\WINDOWS\System32\PSAPI.DLL
0x00007ffc86e50000 - 0x00007ffc86e59000 	C:\WINDOWS\SYSTEM32\WSOCK32.dll
0x00007ffca59a0000 - 0x00007ffca5a0c000 	C:\WINDOWS\System32\WS2_32.dll
0x00007ffc9d0b0000 - 0x00007ffc9d0d3000 	C:\WINDOWS\SYSTEM32\WINMM.dll
0x00007ffc9d050000 - 0x00007ffc9d07a000 	C:\WINDOWS\SYSTEM32\WINMMBASE.dll
0x00007ffca2880000 - 0x00007ffca28ca000 	C:\WINDOWS\System32\cfgmgr32.dll
0x00007ffc9dff0000 - 0x00007ffc9dfff000 	C:\Program Files\Java\jdk-9.0.1\bin\verify.dll
0x00007ffc95700000 - 0x00007ffc95727000 	C:\Program Files\Java\jdk-9.0.1\bin\java.dll
0x00007ffc86fd0000 - 0x00007ffc87006000 	C:\Program Files\Java\jdk-9.0.1\bin\jdwp.dll
0x00007ffc8e890000 - 0x00007ffc8e8ba000 	C:\Program Files\Java\jdk-9.0.1\bin\instrument.dll
0x00007ffc9cac0000 - 0x00007ffc9cad6000 	C:\Program Files\Java\jdk-9.0.1\bin\zip.dll
0x00007ffc9cb60000 - 0x00007ffc9cb6a000 	C:\Program Files\Java\jdk-9.0.1\bin\jimage.dll
0x00007ffca36f0000 - 0x00007ffca4b26000 	C:\WINDOWS\System32\SHELL32.dll
0x00007ffca5220000 - 0x00007ffca52c6000 	C:\WINDOWS\System32\shcore.dll
0x00007ffca2bc0000 - 0x00007ffca3307000 	C:\WINDOWS\System32\windows.storage.dll
0x00007ffca5be0000 - 0x00007ffca5c31000 	C:\WINDOWS\System32\shlwapi.dll
0x00007ffca2240000 - 0x00007ffca2251000 	C:\WINDOWS\System32\kernel.appcore.dll
0x00007ffca21b0000 - 0x00007ffca21fc000 	C:\WINDOWS\System32\powrprof.dll
0x00007ffca2220000 - 0x00007ffca223b000 	C:\WINDOWS\System32\profapi.dll
0x00007ffc8d4f0000 - 0x00007ffc8d50a000 	C:\Program Files\Java\jdk-9.0.1\bin\net.dll
0x00007ffca0150000 - 0x00007ffca022e000 	C:\WINDOWS\SYSTEM32\WINHTTP.dll
0x00007ffca1a40000 - 0x00007ffca1aa6000 	C:\WINDOWS\system32\mswsock.dll
0x00007ffc82b20000 - 0x00007ffc82b31000 	C:\Program Files\Java\jdk-9.0.1\bin\nio.dll
0x00007ffc94110000 - 0x00007ffc9411a000 	C:\Program Files\Java\jdk-9.0.1\bin\dt_socket.dll
0x0000000071100000 - 0x0000000071125000 	C:\Users\Alexander\.jssc\windows\jSSC-2.8_x86_64.dll
0x00007ffc9ff60000 - 0x00007ffca0128000 	C:\WINDOWS\SYSTEM32\dbghelp.dll

VM Arguments:
jvm_args: -agentlib:jdwp=transport=dt_socket,address=127.0.0.1:61580,suspend=y,server=n -javaagent:C:\Users\Alexander\.IntelliJIdea2017.3\system\captureAgent\debugger-agent.jar=C:\Users\Alexander\AppData\Local\Temp\capture1.props -Dfile.encoding=UTF-8 
java_command: Main
java_class_path (initial): C:\Users\Alexander\IdeaProjects\stepmotor\target\classes;C:\Users\Alexander\.m2\repository\org\scream3r\jssc\2.8.0\jssc-2.8.0.jar;C:\Program Files\JetBrains\IntelliJ IDEA 2017.3.5\lib\idea_rt.jar
Launcher Type: SUN_STANDARD

Logging:
Log output configuration:
#0: stdout all=warning uptime,level,tags
#1: stderr all=off uptime,level,tags

Environment Variables:
PATH=C:\ProgramData\Oracle\Java\javapath;C:\Program Files (x86)\Intel\iCLS Client\;C:\Program Files\Intel\iCLS Client\;C:\WINDOWS\system32;C:\WINDOWS;C:\WINDOWS\System32\Wbem;C:\WINDOWS\System32\WindowsPowerShell\v1.0\;C:\Program Files (x86)\Intel\Intel(R) Management Engine Components\DAL;C:\Program Files\Intel\Intel(R) Management Engine Components\DAL;C:\Program Files (x86)\Intel\Intel(R) Management Engine Components\IPT;C:\Program Files\Intel\Intel(R) Management Engine Components\IPT;C:\Program Files (x86)\Skype\Phone\;C:\Program Files\Intel\WiFi\bin\;C:\Program Files\Common Files\Intel\WirelessCommon\;C:\Program Files (x86)\IVI Foundation\VISA\WinNT\Bin\;C:\Program Files\IVI Foundation\VISA\Win64\Bin\;C:\g2conda;C:\g2conda\Scripts;C:\Users\Alexander\g2conda;C:\Users\Alexander\g2conda\Scripts;C:\Users\Alexander\AppData\Local\Microsoft\WindowsApps;
USERNAME=Alexander
OS=Windows_NT
PROCESSOR_IDENTIFIER=Intel64 Family 6 Model 142 Stepping 9, GenuineIntel



---------------  S Y S T E M  ---------------

OS: Windows 10 , 64 bit Build 16299 (10.0.16299.15)

CPU:total 4 (initial active 4) (2 cores per cpu, 2 threads per core) family 6 model 142 stepping 9, cmov, cx8, fxsr, mmx, sse, sse2, sse3, ssse3, sse4.1, sse4.2, popcnt, avx, avx2, aes, clmul, erms, rtm, 3dnowpref, lzcnt, ht, tsc, tscinvbit, bmi1, bmi2, adx, fma

Memory: 4k page, physical 12417884k(6244020k free), swap 14318428k(6481976k free)

vm_info: Java HotSpot(TM) 64-Bit Server VM (9.0.1+11) for windows-amd64 JRE (9.0.1+11), built on Sep 28 2017 04:54:03 by "mach5one" with MS VC++ 12.0 (VS2013)

END.
